<?xml version="1.0" encoding="UTF-8"?>
<!-- Generated by org.testng.reporters.JUnitReportReporter -->
<testsuite skipped="0" hostname="Administrator" name="com.inetbanking.testCases.TC_Login_001" tests="1" failures="0" timestamp="18 Dec 2019 06:58:15 GMT" time="2.146" errors="0">
  <testcase name="loginTest" time="2.146" classname="com.inetbanking.testCases.TC_Login_001"/>
</testsuite> <!-- com.inetbanking.testCases.TC_Login_001 -->
